<?xml version="1.0" encoding="UTF-8"?>
<testng-results ignored="0" total="1" passed="1" failed="0" skipped="0">
  <reporter-output>
  </reporter-output>
  <suite started-at="2022-10-03T13:07:58 IST" name="Default suite" finished-at="2022-10-03T13:08:09 IST" duration-ms="11097">
    <groups>
    </groups>
    <test started-at="2022-10-03T13:07:58 IST" name="Default test" finished-at="2022-10-03T13:08:09 IST" duration-ms="11097">
      <class name="Testcases.VerifyCurrencyDropdown">
        <test-method is-config="true" signature="LaunchBrowser()[pri:0, instance:Testcases.VerifyCurrencyDropdown@402bba4f]" started-at="2022-10-03T13:07:58 IST" name="LaunchBrowser" finished-at="2022-10-03T13:08:07 IST" duration-ms="9392" status="PASS">
          <reporter-output>
          </reporter-output>
        </test-method> <!-- LaunchBrowser -->
        <test-method signature="CurrencyDropdown()[pri:0, instance:Testcases.VerifyCurrencyDropdown@402bba4f]" started-at="2022-10-03T13:08:07 IST" name="CurrencyDropdown" finished-at="2022-10-03T13:08:09 IST" duration-ms="1632" status="PASS">
          <reporter-output>
          </reporter-output>
        </test-method> <!-- CurrencyDropdown -->
      </class> <!-- Testcases.VerifyCurrencyDropdown -->
    </test> <!-- Default test -->
  </suite> <!-- Default suite -->
</testng-results>
